Updating code...
Already up to date.
Updating code...
Already up to date.
From https://github.com/MikkelCEO/lovely-ai
 + 1016d95...472497f main       -> origin/main  (forced update)
Updating code...
warning: fetch updated the current branch head.
fast-forwarding your working tree from
commit 73cb9660082ae95323773df94e009736229f0b77.
error: Your local changes to the following files would be overwritten by merge:
	gitpull.log
Please commit your changes or stash them before you merge.
Aborting
fatal: Cannot fast-forward your working tree.
After making sure that you saved anything precious from
$ git diff 73cb9660082ae95323773df94e009736229f0b77
output, run
$ git reset --hard
to recover.
$ git reset --hard
to recover.
Updating code...
From https://github.com/MikkelCEO/lovely-ai
 + b08a226...472497f main       -> origin/main  (forced update)
Already up to date.
Updating code...
Already up to date.
Updating code...
Already up to date.
